{"D:\\Program Files\\unitTest\\vue-unit-test-with-jest\\src\\main.js": {"path":"D:\\Program Files\\unitTest\\vue-unit-test-with-jest\\src\\main.js","statementMap":{"0":{"start":{"line":1,"column":0},"end":{"line":null,"column":-1}},"1":{"start":{"line":2,"column":0},"end":{"line":null,"column":-1}},"2":{"start":{"line":3,"column":0},"end":{"line":null,"column":-1}},"3":{"start":{"line":4,"column":0},"end":{"line":null,"column":-1}},"4":{"start":{"line":5,"column":0},"end":{"line":null,"column":-1}},"5":{"start":{"line":6,"column":0},"end":{"line":null,"column":-1}},"6":{"start":{"line":7,"column":0},"end":{"line":null,"column":-1}},"7":{"start":{"line":8,"column":0},"end":{"line":null,"column":-1}},"8":{"start":{"line":9,"column":0},"end":{"line":null,"column":-1}},"9":{"start":{"line":10,"column":0},"end":{"line":null,"column":-1}},"10":{"start":{"line":11,"column":0},"end":{"line":null,"column":-1}},"11":{"start":{"line":13,"column":0},"end":{"line":null,"column":-1}},"12":{"start":{"line":15,"column":0},"end":{"line":null,"column":-1}},"13":{"start":{"line":18,"column":0},"end":{"line":null,"column":-1}},"14":{"start":{"line":20,"column":0},"end":{"line":null,"column":-1}},"15":{"start":{"line":22,"column":0},"end":{"line":null,"column":-1}},"16":{"start":{"line":24,"column":0},"end":{"line":null,"column":-1}},"17":{"start":{"line":27,"column":15},"end":{"line":27,"column":16}}},"fnMap":{"0":{"name":"(anonymous_0)","decl":{"start":{"line":27,"column":10},"end":{"line":27,"column":11}},"loc":{"start":{"line":27,"column":15},"end":{"line":27,"column":16}}}},"branchMap":{},"s":{"0":0,"1":0,"2":0,"3":0,"4":0,"5":0,"6":0,"7":0,"8":0,"9":0,"10":0,"11":0,"12":0,"13":0,"14":0,"15":0,"16":0,"17":0},"f":{"0":0},"b":{}}
,"D:\\Program Files\\unitTest\\vue-unit-test-with-jest\\src\\router.js": {"path":"D:\\Program Files\\unitTest\\vue-unit-test-with-jest\\src\\router.js","statementMap":{"0":{"start":{"line":1,"column":0},"end":{"line":null,"column":-1}},"1":{"start":{"line":2,"column":0},"end":{"line":null,"column":-1}},"2":{"start":{"line":3,"column":0},"end":{"line":null,"column":-1}},"3":{"start":{"line":5,"column":0},"end":{"line":null,"column":-1}},"4":{"start":{"line":18,"column":21},"end":{"line":null,"column":-1}},"5":{"start":{"line":23,"column":21},"end":{"line":null,"column":-1}},"6":{"start":{"line":28,"column":21},"end":{"line":null,"column":-1}},"7":{"start":{"line":33,"column":21},"end":{"line":null,"column":-1}},"8":{"start":{"line":43,"column":17},"end":{"line":null,"column":-1}}},"fnMap":{"0":{"name":"(anonymous_0)","decl":{"start":{"line":18,"column":21},"end":{"line":18,"column":33}},"loc":{"start":{"line":18,"column":21},"end":{"line":null,"column":-1}}},"1":{"name":"(anonymous_2)","decl":{"start":{"line":23,"column":21},"end":{"line":23,"column":33}},"loc":{"start":{"line":23,"column":21},"end":{"line":null,"column":-1}}},"2":{"name":"(anonymous_4)","decl":{"start":{"line":28,"column":21},"end":{"line":28,"column":33}},"loc":{"start":{"line":28,"column":21},"end":{"line":null,"column":-1}}},"3":{"name":"(anonymous_6)","decl":{"start":{"line":33,"column":21},"end":{"line":33,"column":33}},"loc":{"start":{"line":33,"column":21},"end":{"line":null,"column":-1}}},"4":{"name":"(anonymous_8)","decl":{"start":{"line":43,"column":17},"end":{"line":43,"column":61}},"loc":{"start":{"line":43,"column":17},"end":{"line":null,"column":-1}}}},"branchMap":{},"s":{"0":0,"1":0,"2":0,"3":0,"4":0,"5":0,"6":0,"7":0,"8":0},"f":{"0":0,"1":0,"2":0,"3":0,"4":0},"b":{}}
,"D:\\Program Files\\unitTest\\vue-unit-test-with-jest\\src\\store.js": {"path":"D:\\Program Files\\unitTest\\vue-unit-test-with-jest\\src\\store.js","statementMap":{"0":{"start":{"line":1,"column":0},"end":{"line":null,"column":-1}},"1":{"start":{"line":2,"column":0},"end":{"line":null,"column":-1}},"2":{"start":{"line":4,"column":0},"end":{"line":null,"column":-1}},"3":{"start":{"line":12,"column":6},"end":{"line":null,"column":-1}}},"fnMap":{},"branchMap":{},"s":{"0":0,"1":0,"2":0,"3":0},"f":{},"b":{}}
,"D:\\Program Files\\unitTest\\vue-unit-test-with-jest\\src\\assets\\js\\CommonMethods.js": {"path":"D:\\Program Files\\unitTest\\vue-unit-test-with-jest\\src\\assets\\js\\CommonMethods.js","statementMap":{"0":{"start":{"line":1,"column":0},"end":{"line":null,"column":-1}},"1":{"start":{"line":2,"column":0},"end":{"line":null,"column":-1}},"2":{"start":{"line":10,"column":10},"end":{"line":10,"column":2}},"3":{"start":{"line":15,"column":2},"end":{"line":null,"column":-1}},"4":{"start":{"line":23,"column":14},"end":{"line":23,"column":2}},"5":{"start":{"line":24,"column":2},"end":{"line":32,"column":3}},"6":{"start":{"line":25,"column":4},"end":{"line":null,"column":-1}},"7":{"start":{"line":26,"column":9},"end":{"line":32,"column":3}},"8":{"start":{"line":27,"column":4},"end":{"line":null,"column":-1}},"9":{"start":{"line":28,"column":9},"end":{"line":32,"column":3}},"10":{"start":{"line":29,"column":4},"end":{"line":null,"column":-1}},"11":{"start":{"line":31,"column":4},"end":{"line":null,"column":-1}}},"fnMap":{"0":{"name":"formatDatetime","decl":{"start":{"line":9,"column":16},"end":{"line":9,"column":7}},"loc":{"start":{"line":9,"column":38},"end":{"line":16,"column":1}}},"1":{"name":"checkWidth","decl":{"start":{"line":22,"column":16},"end":{"line":22,"column":7}},"loc":{"start":{"line":22,"column":30},"end":{"line":33,"column":1}}}},"branchMap":{"0":{"loc":{"start":{"line":24,"column":2},"end":{"line":32,"column":3}},"type":"if","locations":[{"start":{"line":24,"column":2},"end":{"line":32,"column":3}},{"start":{"line":24,"column":2},"end":{"line":32,"column":3}}]},"1":{"loc":{"start":{"line":26,"column":9},"end":{"line":32,"column":3}},"type":"if","locations":[{"start":{"line":26,"column":9},"end":{"line":32,"column":3}},{"start":{"line":26,"column":9},"end":{"line":32,"column":3}}]},"2":{"loc":{"start":{"line":26,"column":13},"end":{"line":26,"column":12}},"type":"binary-expr","locations":[{"start":{"line":26,"column":13},"end":{"line":26,"column":12}},{"start":{"line":26,"column":29},"end":{"line":26,"column":9}}]},"3":{"loc":{"start":{"line":28,"column":9},"end":{"line":32,"column":3}},"type":"if","locations":[{"start":{"line":28,"column":9},"end":{"line":32,"column":3}},{"start":{"line":28,"column":9},"end":{"line":32,"column":3}}]},"4":{"loc":{"start":{"line":28,"column":13},"end":{"line":28,"column":12}},"type":"binary-expr","locations":[{"start":{"line":28,"column":13},"end":{"line":28,"column":12}},{"start":{"line":28,"column":30},"end":{"line":28,"column":9}}]}},"s":{"0":0,"1":0,"2":0,"3":0,"4":0,"5":0,"6":0,"7":0,"8":0,"9":0,"10":0,"11":0},"f":{"0":0,"1":0},"b":{"0":[0,0],"1":[0,0],"2":[0,0],"3":[0,0],"4":[0,0]}}
,"D:\\Program Files\\unitTest\\vue-unit-test-with-jest\\src\\assets\\js\\EventHub.js": {"path":"D:\\Program Files\\unitTest\\vue-unit-test-with-jest\\src\\assets\\js\\EventHub.js","statementMap":{"0":{"start":{"line":3,"column":0},"end":{"line":null,"column":-1}},"1":{"start":{"line":5,"column":17},"end":{"line":5,"column":0}}},"fnMap":{},"branchMap":{},"s":{"0":0,"1":0},"f":{},"b":{}}
,"D:\\Program Files\\unitTest\\vue-unit-test-with-jest\\src\\basics\\AppButton.vue": {"path":"D:\\Program Files\\unitTest\\vue-unit-test-with-jest\\src\\basics\\AppButton.vue","statementMap":{"0":{"start":{"line":37,"column":0},"end":{"line":null,"column":-1}},"1":{"start":{"line":42,"column":0},"end":{"line":null,"column":-1}},"2":{"start":{"line":43,"column":0},"end":{"line":null,"column":-1}},"3":{"start":{"line":44,"column":0},"end":{"line":46,"column":0}},"4":{"start":{"line":45,"column":0},"end":{"line":null,"column":-1}},"5":{"start":{"line":47,"column":0},"end":{"line":49,"column":0}},"6":{"start":{"line":48,"column":0},"end":{"line":null,"column":-1}},"7":{"start":{"line":50,"column":0},"end":{"line":null,"column":-1}}},"fnMap":{},"branchMap":{"0":{"loc":{"start":{"line":44,"column":0},"end":{"line":46,"column":0}},"type":"if","locations":[{"start":{"line":44,"column":0},"end":{"line":46,"column":0}},{"start":{"line":44,"column":0},"end":{"line":46,"column":0}}]},"1":{"loc":{"start":{"line":44,"column":0},"end":{"line":null,"column":-1}},"type":"binary-expr","locations":[{"start":{"line":44,"column":0},"end":{"line":null,"column":-1}},{"start":{"line":44,"column":0},"end":{"line":null,"column":-1}}]},"2":{"loc":{"start":{"line":47,"column":0},"end":{"line":49,"column":0}},"type":"if","locations":[{"start":{"line":47,"column":0},"end":{"line":49,"column":0}},{"start":{"line":47,"column":0},"end":{"line":49,"column":0}}]}},"s":{"0":2,"1":8,"2":8,"3":8,"4":6,"5":8,"6":2,"7":8},"f":{},"b":{"0":[6,2],"1":[8,8],"2":[2,6]}}
,"D:\\Program Files\\unitTest\\vue-unit-test-with-jest\\src\\components\\Header.vue": {"path":"D:\\Program Files\\unitTest\\vue-unit-test-with-jest\\src\\components\\Header.vue","statementMap":{"0":{"start":{"line":19,"column":0},"end":{"line":null,"column":-1}},"1":{"start":{"line":22,"column":0},"end":{"line":null,"column":-1}},"2":{"start":{"line":31,"column":0},"end":{"line":null,"column":-1}},"3":{"start":{"line":32,"column":0},"end":{"line":null,"column":-1}}},"fnMap":{},"branchMap":{},"s":{"0":0,"1":0,"2":0,"3":0},"f":{},"b":{}}
,"D:\\Program Files\\unitTest\\vue-unit-test-with-jest\\src\\components\\Sidebar.vue": {"path":"D:\\Program Files\\unitTest\\vue-unit-test-with-jest\\src\\components\\Sidebar.vue","statementMap":{"0":{"start":{"line":30,"column":0},"end":{"line":null,"column":-1}},"1":{"start":{"line":31,"column":0},"end":{"line":null,"column":-1}},"2":{"start":{"line":35,"column":0},"end":{"line":null,"column":-1}},"3":{"start":{"line":65,"column":0},"end":{"line":null,"column":-1}},"4":{"start":{"line":70,"column":0},"end":{"line":72,"column":0}},"5":{"start":{"line":71,"column":0},"end":{"line":null,"column":-1}}},"fnMap":{"0":{"name":"(anonymous_1)","decl":{"start":{"line":70,"column":0},"end":{"line":null,"column":-1}},"loc":{"start":{"line":70,"column":0},"end":{"line":72,"column":0}}}},"branchMap":{"0":{"loc":{"start":{"line":36,"column":0},"end":{"line":null,"column":-1}},"type":"binary-expr","locations":[{"start":{"line":36,"column":0},"end":{"line":null,"column":-1}},{"start":{"line":36,"column":0},"end":{"line":null,"column":-1}}]}},"s":{"0":0,"1":0,"2":0,"3":0,"4":0,"5":0},"f":{"0":0},"b":{"0":[0,0]}}
,"D:\\Program Files\\unitTest\\vue-unit-test-with-jest\\src\\views\\Home.vue": {"path":"D:\\Program Files\\unitTest\\vue-unit-test-with-jest\\src\\views\\Home.vue","statementMap":{"0":{"start":{"line":11,"column":0},"end":{"line":null,"column":-1}},"1":{"start":{"line":12,"column":0},"end":{"line":null,"column":-1}},"2":{"start":{"line":13,"column":0},"end":{"line":null,"column":-1}},"3":{"start":{"line":14,"column":0},"end":{"line":null,"column":-1}},"4":{"start":{"line":22,"column":0},"end":{"line":null,"column":-1}},"5":{"start":{"line":30,"column":0},"end":{"line":32,"column":0}},"6":{"start":{"line":31,"column":0},"end":{"line":null,"column":-1}}},"fnMap":{"0":{"name":"(anonymous_1)","decl":{"start":{"line":30,"column":0},"end":{"line":null,"column":-1}},"loc":{"start":{"line":30,"column":0},"end":{"line":32,"column":0}}}},"branchMap":{"0":{"loc":{"start":{"line":23,"column":0},"end":{"line":null,"column":-1}},"type":"binary-expr","locations":[{"start":{"line":23,"column":0},"end":{"line":null,"column":-1}},{"start":{"line":23,"column":0},"end":{"line":null,"column":-1}}]}},"s":{"0":0,"1":0,"2":0,"3":0,"4":0,"5":0,"6":0},"f":{"0":0},"b":{"0":[0,0]}}
,"D:\\Program Files\\unitTest\\vue-unit-test-with-jest\\src\\views\\OverView.vue": {"path":"D:\\Program Files\\unitTest\\vue-unit-test-with-jest\\src\\views\\OverView.vue","statementMap":{"0":{"start":{"line":24,"column":0},"end":{"line":null,"column":-1}},"1":{"start":{"line":32,"column":0},"end":{"line":null,"column":-1}},"2":{"start":{"line":33,"column":0},"end":{"line":null,"column":-1}},"3":{"start":{"line":34,"column":0},"end":{"line":40,"column":0}},"4":{"start":{"line":35,"column":0},"end":{"line":null,"column":-1}},"5":{"start":{"line":36,"column":0},"end":{"line":null,"column":-1}},"6":{"start":{"line":37,"column":0},"end":{"line":null,"column":-1}},"7":{"start":{"line":39,"column":0},"end":{"line":null,"column":-1}},"8":{"start":{"line":46,"column":0},"end":{"line":null,"column":-1}},"9":{"start":{"line":49,"column":0},"end":{"line":null,"column":-1}},"10":{"start":{"line":54,"column":0},"end":{"line":58,"column":0}},"11":{"start":{"line":57,"column":0},"end":{"line":null,"column":-1}},"12":{"start":{"line":58,"column":0},"end":{"line":null,"column":-1}}},"fnMap":{"0":{"name":"(anonymous_1)","decl":{"start":{"line":31,"column":0},"end":{"line":null,"column":-1}},"loc":{"start":{"line":31,"column":0},"end":{"line":41,"column":0}}},"1":{"name":"(anonymous_2)","decl":{"start":{"line":54,"column":0},"end":{"line":null,"column":-1}},"loc":{"start":{"line":54,"column":0},"end":{"line":58,"column":0}}},"2":{"name":"(anonymous_3)","decl":{"start":{"line":58,"column":0},"end":{"line":null,"column":-1}},"loc":{"start":{"line":58,"column":0},"end":{"line":null,"column":-1}}}},"branchMap":{"0":{"loc":{"start":{"line":33,"column":0},"end":{"line":null,"column":-1}},"type":"if","locations":[{"start":{"line":33,"column":0},"end":{"line":null,"column":-1}},{"start":{"line":33,"column":0},"end":{"line":null,"column":-1}}]},"1":{"loc":{"start":{"line":34,"column":0},"end":{"line":40,"column":0}},"type":"if","locations":[{"start":{"line":34,"column":0},"end":{"line":40,"column":0}},{"start":{"line":34,"column":0},"end":{"line":40,"column":0}}]}},"s":{"0":0,"1":0,"2":0,"3":0,"4":0,"5":0,"6":0,"7":0,"8":0,"9":0,"10":0,"11":0,"12":0},"f":{"0":0,"1":0,"2":0},"b":{"0":[0,0],"1":[0,0]}}
}
