{"C:\\Users\\G8235\\Documents\\vueTest\\vue-unit-test-with-jest\\src\\store.js": {"path":"C:\\Users\\G8235\\Documents\\vueTest\\vue-unit-test-with-jest\\src\\store.js","statementMap":{"0":{"start":{"line":4,"column":0},"end":{"line":4,"column":13}},"1":{"start":{"line":6,"column":14},"end":{"line":8,"column":1}},"2":{"start":{"line":10,"column":25},"end":{"line":13,"column":1}},"3":{"start":{"line":11,"column":22},"end":{"line":11,"column":35}},"4":{"start":{"line":12,"column":22},"end":{"line":12,"column":35}},"5":{"start":{"line":14,"column":23},"end":{"line":17,"column":1}},"6":{"start":{"line":15,"column":29},"end":{"line":15,"column":48}},"7":{"start":{"line":16,"column":29},"end":{"line":16,"column":48}},"8":{"start":{"line":18,"column":23},"end":{"line":20,"column":1}},"9":{"start":{"line":19,"column":22},"end":{"line":19,"column":60}}},"fnMap":{"0":{"name":"(anonymous_0)","decl":{"start":{"line":11,"column":13},"end":{"line":11,"column":14}},"loc":{"start":{"line":11,"column":22},"end":{"line":11,"column":35}},"line":11},"1":{"name":"(anonymous_1)","decl":{"start":{"line":12,"column":13},"end":{"line":12,"column":14}},"loc":{"start":{"line":12,"column":22},"end":{"line":12,"column":35}},"line":12},"2":{"name":"(anonymous_2)","decl":{"start":{"line":15,"column":13},"end":{"line":15,"column":14}},"loc":{"start":{"line":15,"column":29},"end":{"line":15,"column":48}},"line":15},"3":{"name":"(anonymous_3)","decl":{"start":{"line":16,"column":13},"end":{"line":16,"column":14}},"loc":{"start":{"line":16,"column":29},"end":{"line":16,"column":48}},"line":16},"4":{"name":"(anonymous_4)","decl":{"start":{"line":19,"column":13},"end":{"line":19,"column":14}},"loc":{"start":{"line":19,"column":22},"end":{"line":19,"column":60}},"line":19}},"branchMap":{"0":{"loc":{"start":{"line":19,"column":22},"end":{"line":19,"column":60}},"type":"cond-expr","locations":[{"start":{"line":19,"column":46},"end":{"line":19,"column":52}},{"start":{"line":19,"column":55},"end":{"line":19,"column":60}}],"line":19}},"s":{"0":1,"1":1,"2":1,"3":1,"4":1,"5":1,"6":1,"7":1,"8":1,"9":2},"f":{"0":1,"1":1,"2":1,"3":1,"4":2},"b":{"0":[1,1]},"_coverageSchema":"332fd63041d2c1bcb487cc26dd0d5f7d97098a6c","hash":"0513883125cb66368ebfb003010d27ab600d1d36"}
,"C:\\Users\\G8235\\Documents\\vueTest\\vue-unit-test-with-jest\\src\\assets\\js\\CommonMethods.js": {"path":"C:\\Users\\G8235\\Documents\\vueTest\\vue-unit-test-with-jest\\src\\assets\\js\\CommonMethods.js","statementMap":{"0":{"start":{"line":6,"column":14},"end":{"line":6,"column":54}},"1":{"start":{"line":7,"column":2},"end":{"line":11,"column":3}},"2":{"start":{"line":8,"column":4},"end":{"line":8,"column":15}},"3":{"start":{"line":10,"column":4},"end":{"line":10,"column":16}}},"fnMap":{"0":{"name":"checkWidth","decl":{"start":{"line":5,"column":16},"end":{"line":5,"column":26}},"loc":{"start":{"line":5,"column":34},"end":{"line":12,"column":1}},"line":5}},"branchMap":{"0":{"loc":{"start":{"line":6,"column":14},"end":{"line":6,"column":54}},"type":"binary-expr","locations":[{"start":{"line":6,"column":14},"end":{"line":6,"column":18}},{"start":{"line":6,"column":22},"end":{"line":6,"column":54}}],"line":6},"1":{"loc":{"start":{"line":7,"column":2},"end":{"line":11,"column":3}},"type":"if","locations":[{"start":{"line":7,"column":2},"end":{"line":11,"column":3}},{"start":{"line":7,"column":2},"end":{"line":11,"column":3}}],"line":7}},"s":{"0":16,"1":16,"2":15,"3":1},"f":{"0":16},"b":{"0":[16,14],"1":[15,1]},"_coverageSchema":"332fd63041d2c1bcb487cc26dd0d5f7d97098a6c","hash":"ca9539dc8d2d032379fdcd560c1474f37e07438b"}
,"C:\\Users\\G8235\\Documents\\vueTest\\vue-unit-test-with-jest\\src\\assets\\js\\EventHub.js": {"path":"C:\\Users\\G8235\\Documents\\vueTest\\vue-unit-test-with-jest\\src\\assets\\js\\EventHub.js","statementMap":{"0":{"start":{"line":5,"column":17},"end":{"line":5,"column":26}}},"fnMap":{},"branchMap":{},"s":{"0":3},"f":{},"b":{},"_coverageSchema":"332fd63041d2c1bcb487cc26dd0d5f7d97098a6c","hash":"27e50584e0b24f7e8412801666d8fb64084d1eb5"}
,"C:\\Users\\G8235\\Documents\\vueTest\\vue-unit-test-with-jest\\src\\basics\\AppButton.vue": {"path":"C:\\Users\\G8235\\Documents\\vueTest\\vue-unit-test-with-jest\\src\\basics\\AppButton.vue","statementMap":{"0":{"start":{"line":35,"column":0},"end":{"line":null,"column":-1}},"1":{"start":{"line":45,"column":0},"end":{"line":null,"column":-1}},"2":{"start":{"line":50,"column":0},"end":{"line":null,"column":-1}},"3":{"start":{"line":51,"column":0},"end":{"line":null,"column":-1}},"4":{"start":{"line":52,"column":0},"end":{"line":54,"column":0}},"5":{"start":{"line":53,"column":0},"end":{"line":null,"column":-1}},"6":{"start":{"line":55,"column":0},"end":{"line":57,"column":0}},"7":{"start":{"line":56,"column":0},"end":{"line":null,"column":-1}},"8":{"start":{"line":58,"column":0},"end":{"line":null,"column":-1}}},"fnMap":{},"branchMap":{"0":{"loc":{"start":{"line":52,"column":0},"end":{"line":54,"column":0}},"type":"if","locations":[{"start":{"line":52,"column":0},"end":{"line":54,"column":0}},{"start":{"line":52,"column":0},"end":{"line":54,"column":0}}]},"1":{"loc":{"start":{"line":52,"column":0},"end":{"line":null,"column":-1}},"type":"binary-expr","locations":[{"start":{"line":52,"column":0},"end":{"line":null,"column":-1}},{"start":{"line":52,"column":0},"end":{"line":null,"column":-1}}]},"2":{"loc":{"start":{"line":55,"column":0},"end":{"line":57,"column":0}},"type":"if","locations":[{"start":{"line":55,"column":0},"end":{"line":57,"column":0}},{"start":{"line":55,"column":0},"end":{"line":57,"column":0}}]}},"s":{"0":10,"1":2,"2":13,"3":13,"4":13,"5":11,"6":13,"7":2,"8":13},"f":{},"b":{"0":[11,2],"1":[13,13],"2":[2,11]}}
,"C:\\Users\\G8235\\Documents\\vueTest\\vue-unit-test-with-jest\\src\\components\\AxiosTest.vue": {"path":"C:\\Users\\G8235\\Documents\\vueTest\\vue-unit-test-with-jest\\src\\components\\AxiosTest.vue","statementMap":{"0":{"start":{"line":11,"column":0},"end":{"line":null,"column":-1}},"1":{"start":{"line":20,"column":0},"end":{"line":25,"column":0}},"2":{"start":{"line":23,"column":0},"end":{"line":null,"column":-1}},"3":{"start":{"line":24,"column":0},"end":{"line":null,"column":-1}},"4":{"start":{"line":25,"column":0},"end":{"line":null,"column":-1}}},"fnMap":{"0":{"name":"(anonymous_1)","decl":{"start":{"line":20,"column":0},"end":{"line":null,"column":-1}},"loc":{"start":{"line":20,"column":0},"end":{"line":25,"column":0}}},"1":{"name":"(anonymous_2)","decl":{"start":{"line":25,"column":0},"end":{"line":null,"column":-1}},"loc":{"start":{"line":25,"column":0},"end":{"line":null,"column":-1}}}},"branchMap":{},"s":{"0":4,"1":2,"2":1,"3":1,"4":1},"f":{"0":1,"1":1},"b":{}}
,"C:\\Users\\G8235\\Documents\\vueTest\\vue-unit-test-with-jest\\src\\components\\FilterAddWatchTest.vue": {"path":"C:\\Users\\G8235\\Documents\\vueTest\\vue-unit-test-with-jest\\src\\components\\FilterAddWatchTest.vue","statementMap":{"0":{"start":{"line":14,"column":0},"end":{"line":null,"column":-1}},"1":{"start":{"line":22,"column":0},"end":{"line":null,"column":-1}},"2":{"start":{"line":23,"column":0},"end":{"line":29,"column":0}},"3":{"start":{"line":24,"column":0},"end":{"line":null,"column":-1}},"4":{"start":{"line":25,"column":0},"end":{"line":null,"column":-1}},"5":{"start":{"line":26,"column":0},"end":{"line":null,"column":-1}},"6":{"start":{"line":28,"column":0},"end":{"line":null,"column":-1}},"7":{"start":{"line":34,"column":0},"end":{"line":null,"column":-1}},"8":{"start":{"line":40,"column":0},"end":{"line":null,"column":-1}}},"fnMap":{"0":{"name":"(anonymous_1)","decl":{"start":{"line":20,"column":0},"end":{"line":null,"column":-1}},"loc":{"start":{"line":20,"column":0},"end":{"line":30,"column":0}}}},"branchMap":{"0":{"loc":{"start":{"line":22,"column":0},"end":{"line":null,"column":-1}},"type":"if","locations":[{"start":{"line":22,"column":0},"end":{"line":null,"column":-1}},{"start":{"line":22,"column":0},"end":{"line":null,"column":-1}}]},"1":{"loc":{"start":{"line":23,"column":0},"end":{"line":29,"column":0}},"type":"if","locations":[{"start":{"line":23,"column":0},"end":{"line":29,"column":0}},{"start":{"line":23,"column":0},"end":{"line":29,"column":0}}]}},"s":{"0":6,"1":28,"2":2,"3":1,"4":1,"5":1,"6":1,"7":2,"8":5},"f":{"0":15},"b":{"0":[13,2],"1":[1,1]}}
,"C:\\Users\\G8235\\Documents\\vueTest\\vue-unit-test-with-jest\\src\\components\\Header.vue": {"path":"C:\\Users\\G8235\\Documents\\vueTest\\vue-unit-test-with-jest\\src\\components\\Header.vue","statementMap":{"0":{"start":{"line":17,"column":0},"end":{"line":null,"column":-1}},"1":{"start":{"line":18,"column":0},"end":{"line":null,"column":-1}},"2":{"start":{"line":21,"column":0},"end":{"line":null,"column":-1}},"3":{"start":{"line":29,"column":0},"end":{"line":null,"column":-1}},"4":{"start":{"line":30,"column":0},"end":{"line":null,"column":-1}}},"fnMap":{},"branchMap":{},"s":{"0":2,"1":2,"2":5,"3":2,"4":2},"f":{},"b":{}}
,"C:\\Users\\G8235\\Documents\\vueTest\\vue-unit-test-with-jest\\src\\components\\RouterTest.vue": {"path":"C:\\Users\\G8235\\Documents\\vueTest\\vue-unit-test-with-jest\\src\\components\\RouterTest.vue","statementMap":{"0":{"start":{"line":12,"column":0},"end":{"line":null,"column":-1}}},"fnMap":{},"branchMap":{},"s":{"0":1},"f":{},"b":{}}
,"C:\\Users\\G8235\\Documents\\vueTest\\vue-unit-test-with-jest\\src\\components\\Sidebar.vue": {"path":"C:\\Users\\G8235\\Documents\\vueTest\\vue-unit-test-with-jest\\src\\components\\Sidebar.vue","statementMap":{"0":{"start":{"line":44,"column":0},"end":{"line":null,"column":-1}},"1":{"start":{"line":45,"column":0},"end":{"line":null,"column":-1}},"2":{"start":{"line":49,"column":0},"end":{"line":null,"column":-1}},"3":{"start":{"line":79,"column":0},"end":{"line":null,"column":-1}},"4":{"start":{"line":84,"column":0},"end":{"line":86,"column":0}},"5":{"start":{"line":85,"column":0},"end":{"line":null,"column":-1}}},"fnMap":{"0":{"name":"(anonymous_1)","decl":{"start":{"line":84,"column":0},"end":{"line":null,"column":-1}},"loc":{"start":{"line":84,"column":0},"end":{"line":86,"column":0}}}},"branchMap":{},"s":{"0":2,"1":2,"2":4,"3":4,"4":4,"5":3},"f":{"0":3},"b":{}}
,"C:\\Users\\G8235\\Documents\\vueTest\\vue-unit-test-with-jest\\src\\components\\VuexTest.vue": {"path":"C:\\Users\\G8235\\Documents\\vueTest\\vue-unit-test-with-jest\\src\\components\\VuexTest.vue","statementMap":{"0":{"start":{"line":15,"column":0},"end":{"line":null,"column":-1}},"1":{"start":{"line":24,"column":0},"end":{"line":null,"column":-1}},"2":{"start":{"line":28,"column":0},"end":{"line":null,"column":-1}}},"fnMap":{},"branchMap":{},"s":{"0":2,"1":1,"2":1},"f":{},"b":{}}
,"C:\\Users\\G8235\\Documents\\vueTest\\vue-unit-test-with-jest\\src\\views\\Home.vue": {"path":"C:\\Users\\G8235\\Documents\\vueTest\\vue-unit-test-with-jest\\src\\views\\Home.vue","statementMap":{"0":{"start":{"line":11,"column":0},"end":{"line":null,"column":-1}},"1":{"start":{"line":12,"column":0},"end":{"line":null,"column":-1}},"2":{"start":{"line":13,"column":0},"end":{"line":null,"column":-1}},"3":{"start":{"line":14,"column":0},"end":{"line":null,"column":-1}},"4":{"start":{"line":22,"column":0},"end":{"line":null,"column":-1}},"5":{"start":{"line":28,"column":0},"end":{"line":30,"column":0}},"6":{"start":{"line":29,"column":0},"end":{"line":null,"column":-1}}},"fnMap":{"0":{"name":"(anonymous_1)","decl":{"start":{"line":28,"column":0},"end":{"line":null,"column":-1}},"loc":{"start":{"line":28,"column":0},"end":{"line":30,"column":0}}}},"branchMap":{},"s":{"0":1,"1":1,"2":1,"3":1,"4":2,"5":2,"6":1},"f":{"0":1},"b":{}}
,"C:\\Users\\G8235\\Documents\\vueTest\\vue-unit-test-with-jest\\src\\views\\OverView.vue": {"path":"C:\\Users\\G8235\\Documents\\vueTest\\vue-unit-test-with-jest\\src\\views\\OverView.vue","statementMap":{"0":{"start":{"line":11,"column":0},"end":{"line":null,"column":-1}},"1":{"start":{"line":12,"column":0},"end":{"line":null,"column":-1}},"2":{"start":{"line":13,"column":0},"end":{"line":null,"column":-1}},"3":{"start":{"line":14,"column":0},"end":{"line":null,"column":-1}},"4":{"start":{"line":24,"column":0},"end":{"line":null,"column":-1}}},"fnMap":{},"branchMap":{},"s":{"0":1,"1":1,"2":1,"3":1,"4":1},"f":{},"b":{}}
}
