TN:
SF:C:\Users\G8235\Documents\vueTest\vue-unit-test-with-jest\src\main.js
FN:27,(anonymous_0)
FNF:1
FNH:0
FNDA:0,(anonymous_0)
DA:1,0
DA:2,0
DA:3,0
DA:4,0
DA:5,0
DA:6,0
DA:7,0
DA:8,0
DA:9,0
DA:10,0
DA:11,0
DA:13,0
DA:15,0
DA:18,0
DA:20,0
DA:22,0
DA:24,0
DA:27,0
LF:18
LH:0
BRF:0
BRH:0
end_of_record
TN:
SF:C:\Users\G8235\Documents\vueTest\vue-unit-test-with-jest\src\router.js
FN:18,(anonymous_0)
FN:23,(anonymous_2)
FN:28,(anonymous_4)
FN:33,(anonymous_6)
FN:43,(anonymous_8)
FNF:5
FNH:0
FNDA:0,(anonymous_0)
FNDA:0,(anonymous_2)
FNDA:0,(anonymous_4)
FNDA:0,(anonymous_6)
FNDA:0,(anonymous_8)
DA:1,0
DA:2,0
DA:3,0
DA:5,0
DA:18,0
DA:23,0
DA:28,0
DA:33,0
DA:43,0
LF:9
LH:0
BRF:0
BRH:0
end_of_record
TN:
SF:C:\Users\G8235\Documents\vueTest\vue-unit-test-with-jest\src\store.js
FNF:0
FNH:0
DA:4,1
DA:12,0
LF:2
LH:1
BRF:0
BRH:0
end_of_record
TN:
SF:C:\Users\G8235\Documents\vueTest\vue-unit-test-with-jest\src\assets\js\CommonMethods.js
FN:9,formatDatetime
FN:22,checkWidth
FNF:2
FNH:1
FNDA:0,formatDatetime
FNDA:5,checkWidth
DA:10,0
DA:15,0
DA:23,5
DA:24,5
DA:25,5
DA:26,0
DA:27,0
DA:28,0
DA:29,0
DA:31,0
LF:10
LH:3
BRDA:24,0,0,5
BRDA:24,0,1,0
BRDA:26,1,0,0
BRDA:26,1,1,0
BRDA:26,2,0,0
BRDA:26,2,1,0
BRDA:28,3,0,0
BRDA:28,3,1,0
BRDA:28,4,0,0
BRDA:28,4,1,0
BRF:10
BRH:1
end_of_record
TN:
SF:C:\Users\G8235\Documents\vueTest\vue-unit-test-with-jest\src\assets\js\EventHub.js
FNF:0
FNH:0
DA:5,2
LF:1
LH:1
BRF:0
BRH:0
end_of_record
TN:
SF:C:\Users\G8235\Documents\vueTest\vue-unit-test-with-jest\src\basics\AppButton.vue
FNF:0
FNH:0
DA:39,2
DA:44,12
DA:45,12
DA:46,12
DA:47,10
DA:49,12
DA:50,2
DA:52,12
LF:8
LH:8
BRDA:46,0,0,10
BRDA:46,0,1,2
BRDA:46,1,0,12
BRDA:46,1,1,12
BRDA:49,2,0,2
BRDA:49,2,1,10
BRF:6
BRH:6
end_of_record
TN:
SF:C:\Users\G8235\Documents\vueTest\vue-unit-test-with-jest\src\components\Header.vue
FNF:0
FNH:0
DA:19,1
DA:22,4
DA:31,2
DA:32,2
LF:4
LH:4
BRF:0
BRH:0
end_of_record
TN:
SF:C:\Users\G8235\Documents\vueTest\vue-unit-test-with-jest\src\components\Sidebar.vue
FN:70,(anonymous_1)
FNF:1
FNH:1
FNDA:3,(anonymous_1)
DA:30,1
DA:31,1
DA:35,4
DA:65,4
DA:70,4
DA:71,3
LF:6
LH:6
BRDA:36,0,0,4
BRDA:36,0,1,0
BRF:2
BRH:1
end_of_record
TN:
SF:C:\Users\G8235\Documents\vueTest\vue-unit-test-with-jest\src\views\Home.vue
FN:30,(anonymous_1)
FNF:1
FNH:0
FNDA:0,(anonymous_1)
DA:11,0
DA:12,0
DA:13,0
DA:14,0
DA:22,0
DA:30,0
DA:31,0
LF:7
LH:0
BRDA:23,0,0,0
BRDA:23,0,1,0
BRF:2
BRH:0
end_of_record
TN:
SF:C:\Users\G8235\Documents\vueTest\vue-unit-test-with-jest\src\views\OverView.vue
FN:31,(anonymous_1)
FN:54,(anonymous_2)
FN:58,(anonymous_3)
FNF:3
FNH:0
FNDA:0,(anonymous_1)
FNDA:0,(anonymous_2)
FNDA:0,(anonymous_3)
DA:24,0
DA:32,0
DA:33,0
DA:34,0
DA:35,0
DA:36,0
DA:37,0
DA:39,0
DA:46,0
DA:49,0
DA:54,0
DA:57,0
DA:58,0
LF:13
LH:0
BRDA:33,0,0,0
BRDA:33,0,1,0
BRDA:34,1,0,0
BRDA:34,1,1,0
BRF:4
BRH:0
end_of_record
