TN:
SF:D:\Program Files\unitTest\vue-unit-test-with-jest\src\main.js
FN:27,(anonymous_0)
FNF:1
FNH:0
FNDA:0,(anonymous_0)
DA:1,0
DA:2,0
DA:3,0
DA:4,0
DA:5,0
DA:6,0
DA:7,0
DA:8,0
DA:9,0
DA:10,0
DA:11,0
DA:13,0
DA:15,0
DA:18,0
DA:20,0
DA:22,0
DA:24,0
DA:27,0
LF:18
LH:0
BRF:0
BRH:0
end_of_record
TN:
SF:D:\Program Files\unitTest\vue-unit-test-with-jest\src\router.js
FN:18,(anonymous_0)
FN:23,(anonymous_2)
FN:28,(anonymous_4)
FN:33,(anonymous_6)
FN:43,(anonymous_8)
FNF:5
FNH:0
FNDA:0,(anonymous_0)
FNDA:0,(anonymous_2)
FNDA:0,(anonymous_4)
FNDA:0,(anonymous_6)
FNDA:0,(anonymous_8)
DA:1,0
DA:2,0
DA:3,0
DA:5,0
DA:18,0
DA:23,0
DA:28,0
DA:33,0
DA:43,0
LF:9
LH:0
BRF:0
BRH:0
end_of_record
TN:
SF:D:\Program Files\unitTest\vue-unit-test-with-jest\src\store.js
FNF:0
FNH:0
DA:1,0
DA:2,0
DA:4,0
DA:12,0
LF:4
LH:0
BRF:0
BRH:0
end_of_record
TN:
SF:D:\Program Files\unitTest\vue-unit-test-with-jest\src\assets\js\CommonMethods.js
FN:9,formatDatetime
FN:22,checkWidth
FNF:2
FNH:0
FNDA:0,formatDatetime
FNDA:0,checkWidth
DA:1,0
DA:2,0
DA:10,0
DA:15,0
DA:23,0
DA:24,0
DA:25,0
DA:26,0
DA:27,0
DA:28,0
DA:29,0
DA:31,0
LF:12
LH:0
BRDA:24,0,0,0
BRDA:24,0,1,0
BRDA:26,1,0,0
BRDA:26,1,1,0
BRDA:26,2,0,0
BRDA:26,2,1,0
BRDA:28,3,0,0
BRDA:28,3,1,0
BRDA:28,4,0,0
BRDA:28,4,1,0
BRF:10
BRH:0
end_of_record
TN:
SF:D:\Program Files\unitTest\vue-unit-test-with-jest\src\assets\js\EventHub.js
FNF:0
FNH:0
DA:3,0
DA:5,0
LF:2
LH:0
BRF:0
BRH:0
end_of_record
TN:
SF:D:\Program Files\unitTest\vue-unit-test-with-jest\src\basics\AppButton.vue
FNF:0
FNH:0
DA:37,2
DA:42,8
DA:43,8
DA:44,8
DA:45,6
DA:47,8
DA:48,2
DA:50,8
LF:8
LH:8
BRDA:44,0,0,6
BRDA:44,0,1,2
BRDA:44,1,0,8
BRDA:44,1,1,8
BRDA:47,2,0,2
BRDA:47,2,1,6
BRF:6
BRH:6
end_of_record
TN:
SF:D:\Program Files\unitTest\vue-unit-test-with-jest\src\components\Header.vue
FNF:0
FNH:0
DA:19,0
DA:22,0
DA:31,0
DA:32,0
LF:4
LH:0
BRF:0
BRH:0
end_of_record
TN:
SF:D:\Program Files\unitTest\vue-unit-test-with-jest\src\components\Sidebar.vue
FN:70,(anonymous_1)
FNF:1
FNH:0
FNDA:0,(anonymous_1)
DA:30,0
DA:31,0
DA:35,0
DA:65,0
DA:70,0
DA:71,0
LF:6
LH:0
BRDA:36,0,0,0
BRDA:36,0,1,0
BRF:2
BRH:0
end_of_record
TN:
SF:D:\Program Files\unitTest\vue-unit-test-with-jest\src\views\Home.vue
FN:30,(anonymous_1)
FNF:1
FNH:0
FNDA:0,(anonymous_1)
DA:11,0
DA:12,0
DA:13,0
DA:14,0
DA:22,0
DA:30,0
DA:31,0
LF:7
LH:0
BRDA:23,0,0,0
BRDA:23,0,1,0
BRF:2
BRH:0
end_of_record
TN:
SF:D:\Program Files\unitTest\vue-unit-test-with-jest\src\views\OverView.vue
FN:31,(anonymous_1)
FN:54,(anonymous_2)
FN:58,(anonymous_3)
FNF:3
FNH:0
FNDA:0,(anonymous_1)
FNDA:0,(anonymous_2)
FNDA:0,(anonymous_3)
DA:24,0
DA:32,0
DA:33,0
DA:34,0
DA:35,0
DA:36,0
DA:37,0
DA:39,0
DA:46,0
DA:49,0
DA:54,0
DA:57,0
DA:58,0
LF:13
LH:0
BRDA:33,0,0,0
BRDA:33,0,1,0
BRDA:34,1,0,0
BRDA:34,1,1,0
BRF:4
BRH:0
end_of_record
