<?xml version="1.0" encoding="UTF-8"?>
<coverage generated="1587120034202" clover="3.2.0">
  <project timestamp="1587120034203" name="All files">
    <metrics statements="14" coveredstatements="10" conditionals="2" coveredconditionals="2" methods="4" coveredmethods="4" elements="20" coveredelements="16" complexity="0" loc="14" ncloc="14" packages="3" files="3" classes="3"/>
    <package name="components.HelloWorld">
      <metrics statements="3" coveredstatements="3" conditionals="0" coveredconditionals="0" methods="2" coveredmethods="2"/>
      <file name="HelloWorld.vue" path="D:\github仓库\vue-unit-test-with-jest\02-test-advanced\src\components\HelloWorld\HelloWorld.vue">
        <metrics statements="3" coveredstatements="3" conditionals="0" coveredconditionals="0" methods="2" coveredmethods="2"/>
        <line num="96" count="1" type="stmt"/>
        <line num="101" count="2" type="stmt"/>
        <line num="156" count="1" type="stmt"/>
      </file>
    </package>
    <package name="components.Table">
      <metrics statements="7" coveredstatements="7" conditionals="2" coveredconditionals="2" methods="2" coveredmethods="2"/>
      <file name="Table.vue" path="D:\github仓库\vue-unit-test-with-jest\02-test-advanced\src\components\Table\Table.vue">
        <metrics statements="7" coveredstatements="7" conditionals="2" coveredconditionals="2" methods="2" coveredmethods="2"/>
        <line num="1" count="2" type="stmt"/>
        <line num="4" count="5" type="stmt"/>
        <line num="107" count="4" type="stmt"/>
        <line num="109" count="4" type="stmt"/>
        <line num="110" count="2" type="cond" truecount="2" falsecount="0"/>
        <line num="113" count="2" type="stmt"/>
        <line num="116" count="4" type="stmt"/>
      </file>
    </package>
    <package name="store">
      <metrics statements="4" coveredstatements="0" conditionals="0" coveredconditionals="0" methods="0" coveredmethods="0"/>
      <file name="index.ts" path="D:\github仓库\vue-unit-test-with-jest\02-test-advanced\src\store\index.ts">
        <metrics statements="4" coveredstatements="0" conditionals="0" coveredconditionals="0" methods="0" coveredmethods="0"/>
        <line num="1" count="0" type="stmt"/>
        <line num="2" count="0" type="stmt"/>
        <line num="4" count="0" type="stmt"/>
        <line num="6" count="0" type="stmt"/>
      </file>
    </package>
  </project>
</coverage>
