{"D:\\github仓库\\vue-unit-test-with-jest\\02-test-advanced\\src\\components\\HelloWorld\\HelloWorld.vue": {"path":"D:\\github仓库\\vue-unit-test-with-jest\\02-test-advanced\\src\\components\\HelloWorld\\HelloWorld.vue","statementMap":{"0":{"start":{"line":96,"column":0},"end":{"line":96,"column":null}},"1":{"start":{"line":101,"column":0},"end":{"line":101,"column":null}},"2":{"start":{"line":156,"column":0},"end":{"line":156,"column":null}}},"fnMap":{"0":{"name":"(anonymous_1)","decl":{"start":{"line":101,"column":0},"end":{"line":101,"column":null}},"loc":{"start":{"line":101,"column":0},"end":{"line":101,"column":null}}},"1":{"name":"(anonymous_2)","decl":{"start":{"line":155,"column":0},"end":{"line":155,"column":null}},"loc":{"start":{"line":155,"column":0},"end":{"line":157,"column":null}}}},"branchMap":{},"s":{"0":1,"1":2,"2":1},"f":{"0":2,"1":1},"b":{}}
,"D:\\github仓库\\vue-unit-test-with-jest\\02-test-advanced\\src\\components\\Table\\Table.vue": {"path":"D:\\github仓库\\vue-unit-test-with-jest\\02-test-advanced\\src\\components\\Table\\Table.vue","statementMap":{"0":{"start":{"line":1,"column":0},"end":{"line":1,"column":null}},"1":{"start":{"line":4,"column":0},"end":{"line":4,"column":null}},"2":{"start":{"line":107,"column":0},"end":{"line":117,"column":null}},"3":{"start":{"line":109,"column":0},"end":{"line":109,"column":null}},"4":{"start":{"line":110,"column":0},"end":{"line":110,"column":null}},"5":{"start":{"line":113,"column":0},"end":{"line":113,"column":null}},"6":{"start":{"line":116,"column":0},"end":{"line":116,"column":null}}},"fnMap":{"0":{"name":"(anonymous_1)","decl":{"start":{"line":4,"column":0},"end":{"line":4,"column":null}},"loc":{"start":{"line":4,"column":0},"end":{"line":4,"column":null}}},"1":{"name":"(anonymous_2)","decl":{"start":{"line":105,"column":0},"end":{"line":105,"column":null}},"loc":{"start":{"line":105,"column":0},"end":{"line":118,"column":null}}}},"branchMap":{"0":{"loc":{"start":{"line":110,"column":0},"end":{"line":110,"column":null}},"type":"cond-expr","locations":[{"start":{"line":110,"column":0},"end":{"line":110,"column":null}},{"start":{"line":110,"column":0},"end":{"line":110,"column":null}}]}},"s":{"0":2,"1":5,"2":4,"3":4,"4":2,"5":2,"6":4},"f":{"0":5,"1":4},"b":{"0":[2,4]}}
,"D:\\github仓库\\vue-unit-test-with-jest\\02-test-advanced\\src\\store\\index.ts": {"path":"D:\\github仓库\\vue-unit-test-with-jest\\02-test-advanced\\src\\store\\index.ts","statementMap":{"0":{"start":{"line":1,"column":0},"end":{"line":1,"column":null}},"1":{"start":{"line":2,"column":0},"end":{"line":2,"column":null}},"2":{"start":{"line":4,"column":0},"end":{"line":4,"column":4}},"3":{"start":{"line":6,"column":15},"end":{"line":6,"column":19}}},"fnMap":{},"branchMap":{},"s":{"0":0,"1":0,"2":0,"3":0},"f":{},"b":{}}
}
