{"D:\\github仓库\\vue-unit-test-with-jest\\02-test-advanced\\src\\components\\HelloWorld\\HelloWorld.vue": {"path":"D:\\github仓库\\vue-unit-test-with-jest\\02-test-advanced\\src\\components\\HelloWorld\\HelloWorld.vue","statementMap":{"0":{"start":{"line":96,"column":0},"end":{"line":96,"column":null}},"1":{"start":{"line":101,"column":0},"end":{"line":101,"column":null}},"2":{"start":{"line":156,"column":0},"end":{"line":156,"column":null}}},"fnMap":{"0":{"name":"(anonymous_1)","decl":{"start":{"line":101,"column":0},"end":{"line":101,"column":null}},"loc":{"start":{"line":101,"column":0},"end":{"line":101,"column":null}}},"1":{"name":"(anonymous_2)","decl":{"start":{"line":155,"column":0},"end":{"line":155,"column":null}},"loc":{"start":{"line":155,"column":0},"end":{"line":157,"column":null}}}},"branchMap":{},"s":{"0":1,"1":2,"2":1},"f":{"0":2,"1":1},"b":{}}
,"D:\\github仓库\\vue-unit-test-with-jest\\02-test-advanced\\src\\components\\Table\\Table.ts": {"path":"D:\\github仓库\\vue-unit-test-with-jest\\02-test-advanced\\src\\components\\Table\\Table.ts","statementMap":{"0":{"start":{"line":1,"column":0},"end":{"line":1,"column":null}},"1":{"start":{"line":3,"column":15},"end":{"line":3,"column":19}},"2":{"start":{"line":5,"column":15},"end":{"line":5,"column":null}},"3":{"start":{"line":107,"column":6},"end":{"line":111,"column":null}},"4":{"start":{"line":108,"column":8},"end":{"line":108,"column":13}},"5":{"start":{"line":109,"column":10},"end":{"line":109,"column":15}}},"fnMap":{"0":{"name":"(anonymous_0)","decl":{"start":{"line":5,"column":8},"end":{"line":5,"column":15}},"loc":{"start":{"line":5,"column":15},"end":{"line":5,"column":null}}},"1":{"name":"(anonymous_1)","decl":{"start":{"line":106,"column":4},"end":{"line":106,"column":13}},"loc":{"start":{"line":106,"column":13},"end":{"line":112,"column":null}}},"2":{"name":"(anonymous_2)","decl":{"start":{"line":108,"column":47},"end":{"line":108,"column":54}},"loc":{"start":{"line":108,"column":54},"end":{"line":110,"column":null}}}},"branchMap":{},"s":{"0":0,"1":0,"2":0,"3":0,"4":0,"5":0},"f":{"0":0,"1":0,"2":0},"b":{}}
,"D:\\github仓库\\vue-unit-test-with-jest\\02-test-advanced\\src\\components\\Table\\Table.vue": {"path":"D:\\github仓库\\vue-unit-test-with-jest\\02-test-advanced\\src\\components\\Table\\Table.vue","statementMap":{"0":{"start":{"line":1,"column":0},"end":{"line":1,"column":null}},"1":{"start":{"line":5,"column":0},"end":{"line":5,"column":null}},"2":{"start":{"line":107,"column":0},"end":{"line":111,"column":null}},"3":{"start":{"line":108,"column":0},"end":{"line":110,"column":null}},"4":{"start":{"line":109,"column":0},"end":{"line":109,"column":null}}},"fnMap":{"0":{"name":"(anonymous_1)","decl":{"start":{"line":5,"column":0},"end":{"line":5,"column":null}},"loc":{"start":{"line":5,"column":0},"end":{"line":5,"column":null}}},"1":{"name":"(anonymous_2)","decl":{"start":{"line":106,"column":0},"end":{"line":106,"column":null}},"loc":{"start":{"line":106,"column":0},"end":{"line":112,"column":null}}},"2":{"name":"(anonymous_3)","decl":{"start":{"line":108,"column":0},"end":{"line":108,"column":null}},"loc":{"start":{"line":108,"column":0},"end":{"line":110,"column":null}}}},"branchMap":{},"s":{"0":0,"1":0,"2":0,"3":0,"4":0},"f":{"0":0,"1":0,"2":0},"b":{}}
,"D:\\github仓库\\vue-unit-test-with-jest\\02-test-advanced\\src\\plugins\\axios.js": {"path":"D:\\github仓库\\vue-unit-test-with-jest\\02-test-advanced\\src\\plugins\\axios.js","statementMap":{"0":{"start":{"line":11,"column":15},"end":{"line":15,"column":1}},"1":{"start":{"line":17,"column":15},"end":{"line":17,"column":35}},"2":{"start":{"line":19,"column":0},"end":{"line":28,"column":1}},"3":{"start":{"line":22,"column":4},"end":{"line":22,"column":17}},"4":{"start":{"line":26,"column":4},"end":{"line":26,"column":32}},"5":{"start":{"line":31,"column":0},"end":{"line":40,"column":1}},"6":{"start":{"line":34,"column":4},"end":{"line":34,"column":19}},"7":{"start":{"line":38,"column":4},"end":{"line":38,"column":32}},"8":{"start":{"line":42,"column":0},"end":{"line":57,"column":1}},"9":{"start":{"line":43,"column":2},"end":{"line":43,"column":20}},"10":{"start":{"line":44,"column":2},"end":{"line":44,"column":23}},"11":{"start":{"line":45,"column":2},"end":{"line":56,"column":4}},"12":{"start":{"line":48,"column":8},"end":{"line":48,"column":21}},"13":{"start":{"line":53,"column":8},"end":{"line":53,"column":21}},"14":{"start":{"line":59,"column":0},"end":{"line":59,"column":15}}},"fnMap":{"0":{"name":"(anonymous_0)","decl":{"start":{"line":20,"column":2},"end":{"line":20,"column":3}},"loc":{"start":{"line":20,"column":20},"end":{"line":23,"column":3}},"line":20},"1":{"name":"(anonymous_1)","decl":{"start":{"line":24,"column":2},"end":{"line":24,"column":3}},"loc":{"start":{"line":24,"column":19},"end":{"line":27,"column":3}},"line":24},"2":{"name":"(anonymous_2)","decl":{"start":{"line":32,"column":2},"end":{"line":32,"column":3}},"loc":{"start":{"line":32,"column":22},"end":{"line":35,"column":3}},"line":32},"3":{"name":"(anonymous_3)","decl":{"start":{"line":36,"column":2},"end":{"line":36,"column":3}},"loc":{"start":{"line":36,"column":19},"end":{"line":39,"column":3}},"line":36},"4":{"name":"(anonymous_4)","decl":{"start":{"line":42,"column":17},"end":{"line":42,"column":18}},"loc":{"start":{"line":42,"column":41},"end":{"line":57,"column":1}},"line":42},"5":{"name":"(anonymous_5)","decl":{"start":{"line":47,"column":6},"end":{"line":47,"column":7}},"loc":{"start":{"line":47,"column":13},"end":{"line":49,"column":7}},"line":47},"6":{"name":"(anonymous_6)","decl":{"start":{"line":52,"column":6},"end":{"line":52,"column":7}},"loc":{"start":{"line":52,"column":13},"end":{"line":54,"column":7}},"line":52}},"branchMap":{},"s":{"0":0,"1":0,"2":0,"3":0,"4":0,"5":0,"6":0,"7":0,"8":0,"9":0,"10":0,"11":0,"12":0,"13":0,"14":0},"f":{"0":0,"1":0,"2":0,"3":0,"4":0,"5":0,"6":0},"b":{},"hash":"adfe60634d6adee79a19595ccd131d90a16f4965"}
,"D:\\github仓库\\vue-unit-test-with-jest\\02-test-advanced\\src\\plugins\\vuetify.ts": {"path":"D:\\github仓库\\vue-unit-test-with-jest\\02-test-advanced\\src\\plugins\\vuetify.ts","statementMap":{"0":{"start":{"line":1,"column":0},"end":{"line":1,"column":null}},"1":{"start":{"line":2,"column":0},"end":{"line":2,"column":null}},"2":{"start":{"line":4,"column":0},"end":{"line":4,"column":4}},"3":{"start":{"line":6,"column":15},"end":{"line":6,"column":19}}},"fnMap":{},"branchMap":{},"s":{"0":0,"1":0,"2":0,"3":0},"f":{},"b":{}}
,"D:\\github仓库\\vue-unit-test-with-jest\\02-test-advanced\\src\\store\\index.ts": {"path":"D:\\github仓库\\vue-unit-test-with-jest\\02-test-advanced\\src\\store\\index.ts","statementMap":{"0":{"start":{"line":1,"column":0},"end":{"line":1,"column":null}},"1":{"start":{"line":2,"column":0},"end":{"line":2,"column":null}},"2":{"start":{"line":4,"column":0},"end":{"line":4,"column":4}},"3":{"start":{"line":6,"column":15},"end":{"line":6,"column":19}}},"fnMap":{},"branchMap":{},"s":{"0":0,"1":0,"2":0,"3":0},"f":{},"b":{}}
}
