TN:
SF:D:\github仓库\vue-unit-test-with-jest\02-test-advanced\src\components\HelloWorld\HelloWorld.vue
FN:101,(anonymous_1)
FN:155,(anonymous_2)
FNF:2
FNH:2
FNDA:2,(anonymous_1)
FNDA:1,(anonymous_2)
DA:96,1
DA:101,2
DA:156,1
LF:3
LH:3
BRF:0
BRH:0
end_of_record
TN:
SF:D:\github仓库\vue-unit-test-with-jest\02-test-advanced\src\components\Table\Table.vue
FN:4,(anonymous_1)
FN:105,(anonymous_2)
FNF:2
FNH:2
FNDA:5,(anonymous_1)
FNDA:4,(anonymous_2)
DA:1,2
DA:4,5
DA:107,4
DA:109,4
DA:110,2
DA:113,2
DA:116,4
LF:7
LH:7
BRDA:110,0,0,2
BRDA:110,0,1,4
BRF:2
BRH:2
end_of_record
TN:
SF:D:\github仓库\vue-unit-test-with-jest\02-test-advanced\src\store\index.ts
FNF:0
FNH:0
DA:1,0
DA:2,0
DA:4,0
DA:6,0
LF:4
LH:0
BRF:0
BRH:0
end_of_record
