TN:
SF:D:\github仓库\vue-unit-test-with-jest\02-test-advanced\src\components\HelloWorld\HelloWorld.vue
FN:101,(anonymous_1)
FN:155,(anonymous_2)
FNF:2
FNH:2
FNDA:2,(anonymous_1)
FNDA:1,(anonymous_2)
DA:96,1
DA:101,2
DA:156,1
LF:3
LH:3
BRF:0
BRH:0
end_of_record
TN:
SF:D:\github仓库\vue-unit-test-with-jest\02-test-advanced\src\components\Table\Table.ts
FN:5,(anonymous_0)
FN:106,(anonymous_1)
FN:108,(anonymous_2)
FNF:3
FNH:0
FNDA:0,(anonymous_0)
FNDA:0,(anonymous_1)
FNDA:0,(anonymous_2)
DA:1,0
DA:3,0
DA:5,0
DA:107,0
DA:108,0
DA:109,0
LF:6
LH:0
BRF:0
BRH:0
end_of_record
TN:
SF:D:\github仓库\vue-unit-test-with-jest\02-test-advanced\src\components\Table\Table.vue
FN:5,(anonymous_1)
FN:106,(anonymous_2)
FN:108,(anonymous_3)
FNF:3
FNH:0
FNDA:0,(anonymous_1)
FNDA:0,(anonymous_2)
FNDA:0,(anonymous_3)
DA:1,0
DA:5,0
DA:107,0
DA:108,0
DA:109,0
LF:5
LH:0
BRF:0
BRH:0
end_of_record
TN:
SF:D:\github仓库\vue-unit-test-with-jest\02-test-advanced\src\plugins\axios.js
FN:20,(anonymous_0)
FN:24,(anonymous_1)
FN:32,(anonymous_2)
FN:36,(anonymous_3)
FN:42,(anonymous_4)
FN:47,(anonymous_5)
FN:52,(anonymous_6)
FNF:7
FNH:0
FNDA:0,(anonymous_0)
FNDA:0,(anonymous_1)
FNDA:0,(anonymous_2)
FNDA:0,(anonymous_3)
FNDA:0,(anonymous_4)
FNDA:0,(anonymous_5)
FNDA:0,(anonymous_6)
DA:11,0
DA:17,0
DA:19,0
DA:22,0
DA:26,0
DA:31,0
DA:34,0
DA:38,0
DA:42,0
DA:43,0
DA:44,0
DA:45,0
DA:48,0
DA:53,0
DA:59,0
LF:15
LH:0
BRF:0
BRH:0
end_of_record
TN:
SF:D:\github仓库\vue-unit-test-with-jest\02-test-advanced\src\plugins\vuetify.ts
FNF:0
FNH:0
DA:1,0
DA:2,0
DA:4,0
DA:6,0
LF:4
LH:0
BRF:0
BRH:0
end_of_record
TN:
SF:D:\github仓库\vue-unit-test-with-jest\02-test-advanced\src\store\index.ts
FNF:0
FNH:0
DA:1,0
DA:2,0
DA:4,0
DA:6,0
LF:4
LH:0
BRF:0
BRH:0
end_of_record
