<?xml version="1.0" encoding="UTF-8"?>
<coverage generated="1553822202661" clover="3.2.0">
  <project timestamp="1553822202661" name="All files">
    <metrics statements="65" coveredstatements="65" conditionals="16" coveredconditionals="16" methods="11" coveredmethods="11" elements="92" coveredelements="92" complexity="0" loc="65" ncloc="65" packages="5" files="12" classes="12">
      <package name="src">
        <metrics statements="10" coveredstatements="10" conditionals="2" coveredconditionals="2" methods="5" coveredmethods="5"/>
        <file name="store.js" path="C:\Users\G8235\Documents\vueTest\vue-unit-test-with-jest\src\store.js">
          <metrics statements="10" coveredstatements="10" conditionals="2" coveredconditionals="2" methods="5" coveredmethods="5"/>
          <line num="4" count="1" type="stmt"/>
          <line num="6" count="1" type="stmt"/>
          <line num="10" count="1" type="stmt"/>
          <line num="11" count="1" type="stmt"/>
          <line num="12" count="1" type="stmt"/>
          <line num="14" count="1" type="stmt"/>
          <line num="15" count="1" type="stmt"/>
          <line num="16" count="1" type="stmt"/>
          <line num="18" count="1" type="stmt"/>
          <line num="19" count="2" type="cond" truecount="2" falsecount="0"/>
        </file>
      </package>
      <package name="src.assets.js">
        <metrics statements="5" coveredstatements="5" conditionals="4" coveredconditionals="4" methods="1" coveredmethods="1"/>
        <file name="CommonMethods.js" path="C:\Users\G8235\Documents\vueTest\vue-unit-test-with-jest\src\assets\js\CommonMethods.js">
          <metrics statements="4" coveredstatements="4" conditionals="4" coveredconditionals="4" methods="1" coveredmethods="1"/>
          <line num="6" count="16" type="cond" truecount="2" falsecount="0"/>
          <line num="7" count="16" type="cond" truecount="2" falsecount="0"/>
          <line num="8" count="15" type="stmt"/>
          <line num="10" count="1" type="stmt"/>
        </file>
        <file name="EventHub.js" path="C:\Users\G8235\Documents\vueTest\vue-unit-test-with-jest\src\assets\js\EventHub.js">
          <metrics statements="1" coveredstatements="1" conditionals="0" coveredconditionals="0" methods="0" coveredmethods="0"/>
          <line num="5" count="3" type="stmt"/>
        </file>
      </package>
      <package name="src.basics">
        <metrics statements="9" coveredstatements="9" conditionals="6" coveredconditionals="6" methods="0" coveredmethods="0"/>
        <file name="AppButton.vue" path="C:\Users\G8235\Documents\vueTest\vue-unit-test-with-jest\src\basics\AppButton.vue">
          <metrics statements="9" coveredstatements="9" conditionals="6" coveredconditionals="6" methods="0" coveredmethods="0"/>
          <line num="35" count="10" type="stmt"/>
          <line num="45" count="2" type="stmt"/>
          <line num="50" count="13" type="stmt"/>
          <line num="51" count="13" type="stmt"/>
          <line num="52" count="13" type="cond" truecount="4" falsecount="0"/>
          <line num="53" count="11" type="stmt"/>
          <line num="55" count="13" type="cond" truecount="2" falsecount="0"/>
          <line num="56" count="2" type="stmt"/>
          <line num="58" count="13" type="stmt"/>
        </file>
      </package>
      <package name="src.components">
        <metrics statements="29" coveredstatements="29" conditionals="4" coveredconditionals="4" methods="4" coveredmethods="4"/>
        <file name="AxiosTest.vue" path="C:\Users\G8235\Documents\vueTest\vue-unit-test-with-jest\src\components\AxiosTest.vue">
          <metrics statements="5" coveredstatements="5" conditionals="0" coveredconditionals="0" methods="2" coveredmethods="2"/>
          <line num="11" count="4" type="stmt"/>
          <line num="20" count="2" type="stmt"/>
          <line num="23" count="1" type="stmt"/>
          <line num="24" count="1" type="stmt"/>
          <line num="25" count="1" type="stmt"/>
        </file>
        <file name="FilterAddWatchTest.vue" path="C:\Users\G8235\Documents\vueTest\vue-unit-test-with-jest\src\components\FilterAddWatchTest.vue">
          <metrics statements="9" coveredstatements="9" conditionals="4" coveredconditionals="4" methods="1" coveredmethods="1"/>
          <line num="14" count="6" type="stmt"/>
          <line num="22" count="28" type="cond" truecount="2" falsecount="0"/>
          <line num="23" count="2" type="cond" truecount="2" falsecount="0"/>
          <line num="24" count="1" type="stmt"/>
          <line num="25" count="1" type="stmt"/>
          <line num="26" count="1" type="stmt"/>
          <line num="28" count="1" type="stmt"/>
          <line num="34" count="2" type="stmt"/>
          <line num="40" count="5" type="stmt"/>
        </file>
        <file name="Header.vue" path="C:\Users\G8235\Documents\vueTest\vue-unit-test-with-jest\src\components\Header.vue">
          <metrics statements="5" coveredstatements="5" conditionals="0" coveredconditionals="0" methods="0" coveredmethods="0"/>
          <line num="17" count="2" type="stmt"/>
          <line num="18" count="2" type="stmt"/>
          <line num="21" count="5" type="stmt"/>
          <line num="29" count="2" type="stmt"/>
          <line num="30" count="2" type="stmt"/>
        </file>
        <file name="RouterTest.vue" path="C:\Users\G8235\Documents\vueTest\vue-unit-test-with-jest\src\components\RouterTest.vue">
          <metrics statements="1" coveredstatements="1" conditionals="0" coveredconditionals="0" methods="0" coveredmethods="0"/>
          <line num="12" count="1" type="stmt"/>
        </file>
        <file name="Sidebar.vue" path="C:\Users\G8235\Documents\vueTest\vue-unit-test-with-jest\src\components\Sidebar.vue">
          <metrics statements="6" coveredstatements="6" conditionals="0" coveredconditionals="0" methods="1" coveredmethods="1"/>
          <line num="44" count="2" type="stmt"/>
          <line num="45" count="2" type="stmt"/>
          <line num="49" count="4" type="stmt"/>
          <line num="79" count="4" type="stmt"/>
          <line num="84" count="4" type="stmt"/>
          <line num="85" count="3" type="stmt"/>
        </file>
        <file name="VuexTest.vue" path="C:\Users\G8235\Documents\vueTest\vue-unit-test-with-jest\src\components\VuexTest.vue">
          <metrics statements="3" coveredstatements="3" conditionals="0" coveredconditionals="0" methods="0" coveredmethods="0"/>
          <line num="15" count="2" type="stmt"/>
          <line num="24" count="1" type="stmt"/>
          <line num="28" count="1" type="stmt"/>
        </file>
      </package>
      <package name="src.views">
        <metrics statements="12" coveredstatements="12" conditionals="0" coveredconditionals="0" methods="1" coveredmethods="1"/>
        <file name="Home.vue" path="C:\Users\G8235\Documents\vueTest\vue-unit-test-with-jest\src\views\Home.vue">
          <metrics statements="7" coveredstatements="7" conditionals="0" coveredconditionals="0" methods="1" coveredmethods="1"/>
          <line num="11" count="1" type="stmt"/>
          <line num="12" count="1" type="stmt"/>
          <line num="13" count="1" type="stmt"/>
          <line num="14" count="1" type="stmt"/>
          <line num="22" count="2" type="stmt"/>
          <line num="28" count="2" type="stmt"/>
          <line num="29" count="1" type="stmt"/>
        </file>
        <file name="OverView.vue" path="C:\Users\G8235\Documents\vueTest\vue-unit-test-with-jest\src\views\OverView.vue">
          <metrics statements="5" coveredstatements="5" conditionals="0" coveredconditionals="0" methods="0" coveredmethods="0"/>
          <line num="11" count="1" type="stmt"/>
          <line num="12" count="1" type="stmt"/>
          <line num="13" count="1" type="stmt"/>
          <line num="14" count="1" type="stmt"/>
          <line num="24" count="1" type="stmt"/>
        </file>
      </package>
    </metrics>
  </project>
</coverage>
